Analysis & Synthesis report for unum_adder
Mon Nov 13 01:17:36 2017
Quartus Prime Version 17.0.0 Build 595 04/25/2017 SJ Lite Edition


---------------------
; Table of Contents ;
---------------------
  1. Legal Notice
  2. Analysis & Synthesis Summary
  3. Analysis & Synthesis Settings
  4. Parallel Compilation
  5. Analysis & Synthesis Source Files Read
  6. Analysis & Synthesis Resource Usage Summary
  7. Analysis & Synthesis Resource Utilization by Entity
  8. Analysis & Synthesis RAM Summary
  9. General Register Statistics
 10. Registers Packed Into Inferred Megafunctions
 11. Multiplexer Restructuring Statistics (Restructuring Performed)
 12. Source assignments for altshift_taps:expo_numo_3_rtl_0|shift_taps_96m:auto_generated|altsyncram_tk31:altsyncram4
 13. Parameter Settings for Inferred Entity Instance: altshift_taps:expo_numo_3_rtl_0
 14. altshift_taps Parameter Settings by Entity Instance
 15. Port Connectivity Checks: "LZC_fraction:lzc_fraction"
 16. Port Connectivity Checks: "LZC:lzc2"
 17. Port Connectivity Checks: "LZC:lzc1|NLC:NLC7"
 18. Port Connectivity Checks: "LZC:lzc1"
 19. Post-Synthesis Netlist Statistics for Top Partition
 20. Elapsed Time Per Partition
 21. Analysis & Synthesis Messages



----------------
; Legal Notice ;
----------------
Copyright (C) 2017  Intel Corporation. All rights reserved.
Your use of Intel Corporation's design tools, logic functions 
and other software and tools, and its AMPP partner logic 
functions, and any output files from any of the foregoing 
(including device programming or simulation files), and any 
associated documentation or information are expressly subject 
to the terms and conditions of the Intel Program License 
Subscription Agreement, the Intel Quartus Prime License Agreement,
the Intel MegaCore Function License Agreement, or other 
applicable license agreement, including, without limitation, 
that your use is for the sole purpose of programming logic 
devices manufactured by Intel and sold by Intel or its 
authorized distributors.  Please refer to the applicable 
agreement for further details.



+----------------------------------------------------------------------------------+
; Analysis & Synthesis Summary                                                     ;
+------------------------------------+---------------------------------------------+
; Analysis & Synthesis Status        ; Successful - Mon Nov 13 01:17:36 2017       ;
; Quartus Prime Version              ; 17.0.0 Build 595 04/25/2017 SJ Lite Edition ;
; Revision Name                      ; unum_adder                                  ;
; Top-level Entity Name              ; unum_adder                                  ;
; Family                             ; Cyclone IV E                                ;
; Total logic elements               ; 1,339                                       ;
;     Total combinational functions  ; 1,276                                       ;
;     Dedicated logic registers      ; 408                                         ;
; Total registers                    ; 408                                         ;
; Total pins                         ; 97                                          ;
; Total virtual pins                 ; 0                                           ;
; Total memory bits                  ; 39                                          ;
; Embedded Multiplier 9-bit elements ; 0                                           ;
; Total PLLs                         ; 0                                           ;
+------------------------------------+---------------------------------------------+


+----------------------------------------------------------------------------------------------------------------------+
; Analysis & Synthesis Settings                                                                                        ;
+----------------------------------------------------------------------------+--------------------+--------------------+
; Option                                                                     ; Setting            ; Default Value      ;
+----------------------------------------------------------------------------+--------------------+--------------------+
; Device                                                                     ; EP4CE6F17C8        ;                    ;
; Top-level entity name                                                      ; unum_adder         ; unum_adder         ;
; Family name                                                                ; Cyclone IV E       ; Cyclone V          ;
; Use smart compilation                                                      ; Off                ; Off                ;
; Enable parallel Assembler and TimeQuest Timing Analyzer during compilation ; On                 ; On                 ;
; Enable compact report table                                                ; Off                ; Off                ;
; Restructure Multiplexers                                                   ; Auto               ; Auto               ;
; Create Debugging Nodes for IP Cores                                        ; Off                ; Off                ;
; Preserve fewer node names                                                  ; On                 ; On                 ;
; OpenCore Plus hardware evaluation                                          ; Enable             ; Enable             ;
; Verilog Version                                                            ; Verilog_2001       ; Verilog_2001       ;
; VHDL Version                                                               ; VHDL_1993          ; VHDL_1993          ;
; State Machine Processing                                                   ; Auto               ; Auto               ;
; Safe State Machine                                                         ; Off                ; Off                ;
; Extract Verilog State Machines                                             ; On                 ; On                 ;
; Extract VHDL State Machines                                                ; On                 ; On                 ;
; Ignore Verilog initial constructs                                          ; Off                ; Off                ;
; Iteration limit for constant Verilog loops                                 ; 5000               ; 5000               ;
; Iteration limit for non-constant Verilog loops                             ; 250                ; 250                ;
; Add Pass-Through Logic to Inferred RAMs                                    ; On                 ; On                 ;
; Infer RAMs from Raw Logic                                                  ; On                 ; On                 ;
; Parallel Synthesis                                                         ; On                 ; On                 ;
; DSP Block Balancing                                                        ; Auto               ; Auto               ;
; NOT Gate Push-Back                                                         ; On                 ; On                 ;
; Power-Up Don't Care                                                        ; On                 ; On                 ;
; Remove Redundant Logic Cells                                               ; Off                ; Off                ;
; Remove Duplicate Registers                                                 ; On                 ; On                 ;
; Ignore CARRY Buffers                                                       ; Off                ; Off                ;
; Ignore CASCADE Buffers                                                     ; Off                ; Off                ;
; Ignore GLOBAL Buffers                                                      ; Off                ; Off                ;
; Ignore ROW GLOBAL Buffers                                                  ; Off                ; Off                ;
; Ignore LCELL Buffers                                                       ; Off                ; Off                ;
; Ignore SOFT Buffers                                                        ; On                 ; On                 ;
; Limit AHDL Integers to 32 Bits                                             ; Off                ; Off                ;
; Optimization Technique                                                     ; Balanced           ; Balanced           ;
; Carry Chain Length                                                         ; 70                 ; 70                 ;
; Auto Carry Chains                                                          ; On                 ; On                 ;
; Auto Open-Drain Pins                                                       ; On                 ; On                 ;
; Perform WYSIWYG Primitive Resynthesis                                      ; Off                ; Off                ;
; Auto ROM Replacement                                                       ; On                 ; On                 ;
; Auto RAM Replacement                                                       ; On                 ; On                 ;
; Auto DSP Block Replacement                                                 ; On                 ; On                 ;
; Auto Shift Register Replacement                                            ; Auto               ; Auto               ;
; Allow Shift Register Merging across Hierarchies                            ; Auto               ; Auto               ;
; Auto Clock Enable Replacement                                              ; On                 ; On                 ;
; Strict RAM Replacement                                                     ; Off                ; Off                ;
; Allow Synchronous Control Signals                                          ; On                 ; On                 ;
; Force Use of Synchronous Clear Signals                                     ; Off                ; Off                ;
; Auto RAM Block Balancing                                                   ; On                 ; On                 ;
; Auto RAM to Logic Cell Conversion                                          ; Off                ; Off                ;
; Auto Resource Sharing                                                      ; Off                ; Off                ;
; Allow Any RAM Size For Recognition                                         ; Off                ; Off                ;
; Allow Any ROM Size For Recognition                                         ; Off                ; Off                ;
; Allow Any Shift Register Size For Recognition                              ; Off                ; Off                ;
; Use LogicLock Constraints during Resource Balancing                        ; On                 ; On                 ;
; Ignore translate_off and synthesis_off directives                          ; Off                ; Off                ;
; Timing-Driven Synthesis                                                    ; On                 ; On                 ;
; Report Parameter Settings                                                  ; On                 ; On                 ;
; Report Source Assignments                                                  ; On                 ; On                 ;
; Report Connectivity Checks                                                 ; On                 ; On                 ;
; Ignore Maximum Fan-Out Assignments                                         ; Off                ; Off                ;
; Synchronization Register Chain Length                                      ; 2                  ; 2                  ;
; PowerPlay Power Optimization During Synthesis                              ; Normal compilation ; Normal compilation ;
; HDL message level                                                          ; Level2             ; Level2             ;
; Suppress Register Optimization Related Messages                            ; Off                ; Off                ;
; Number of Removed Registers Reported in Synthesis Report                   ; 5000               ; 5000               ;
; Number of Swept Nodes Reported in Synthesis Report                         ; 5000               ; 5000               ;
; Number of Inverted Registers Reported in Synthesis Report                  ; 100                ; 100                ;
; Clock MUX Protection                                                       ; On                 ; On                 ;
; Auto Gated Clock Conversion                                                ; Off                ; Off                ;
; Block Design Naming                                                        ; Auto               ; Auto               ;
; SDC constraint protection                                                  ; Off                ; Off                ;
; Synthesis Effort                                                           ; Auto               ; Auto               ;
; Shift Register Replacement - Allow Asynchronous Clear Signal               ; On                 ; On                 ;
; Pre-Mapping Resynthesis Optimization                                       ; Off                ; Off                ;
; Analysis & Synthesis Message Level                                         ; Medium             ; Medium             ;
; Disable Register Merging Across Hierarchies                                ; Auto               ; Auto               ;
; Resource Aware Inference For Block RAM                                     ; On                 ; On                 ;
+----------------------------------------------------------------------------+--------------------+--------------------+


+------------------------------------------+
; Parallel Compilation                     ;
+----------------------------+-------------+
; Processors                 ; Number      ;
+----------------------------+-------------+
; Number detected on machine ; 8           ;
; Maximum allowed            ; 4           ;
;                            ;             ;
; Average used               ; 1.00        ;
; Maximum used               ; 4           ;
;                            ;             ;
; Usage by Processor         ; % Time Used ;
;     Processor 1            ; 100.0%      ;
;     Processor 2            ;   0.1%      ;
;     Processor 3            ;   0.0%      ;
;     Processor 4            ;   0.0%      ;
+----------------------------+-------------+


+-----------------------------------------------------------------------------------------------------------------------------------------------------------------------------+
; Analysis & Synthesis Source Files Read                                                                                                                                      ;
+----------------------------------+-----------------+------------------------------+-------------------------------------------------------------------------------+---------+
; File Name with User-Entered Path ; Used in Netlist ; File Type                    ; File Name with Absolute Path                                                  ; Library ;
+----------------------------------+-----------------+------------------------------+-------------------------------------------------------------------------------+---------+
; unum_adder.v                     ; yes             ; User Verilog HDL File        ; F:/Unum/unumIII_32_3_adder_pipline2/Unum_32bit_3_adder/unum_adder.v           ;         ;
; altshift_taps.tdf                ; yes             ; Megafunction                 ; d:/quartus/quartus/libraries/megafunctions/altshift_taps.tdf                  ;         ;
; altdpram.inc                     ; yes             ; Megafunction                 ; d:/quartus/quartus/libraries/megafunctions/altdpram.inc                       ;         ;
; lpm_counter.inc                  ; yes             ; Megafunction                 ; d:/quartus/quartus/libraries/megafunctions/lpm_counter.inc                    ;         ;
; lpm_compare.inc                  ; yes             ; Megafunction                 ; d:/quartus/quartus/libraries/megafunctions/lpm_compare.inc                    ;         ;
; lpm_constant.inc                 ; yes             ; Megafunction                 ; d:/quartus/quartus/libraries/megafunctions/lpm_constant.inc                   ;         ;
; db/shift_taps_96m.tdf            ; yes             ; Auto-Generated Megafunction  ; F:/Unum/unumIII_32_3_adder_pipline2/Unum_32bit_3_adder/db/shift_taps_96m.tdf  ;         ;
; db/altsyncram_tk31.tdf           ; yes             ; Auto-Generated Megafunction  ; F:/Unum/unumIII_32_3_adder_pipline2/Unum_32bit_3_adder/db/altsyncram_tk31.tdf ;         ;
; db/add_sub_24e.tdf               ; yes             ; Auto-Generated Megafunction  ; F:/Unum/unumIII_32_3_adder_pipline2/Unum_32bit_3_adder/db/add_sub_24e.tdf     ;         ;
; db/cntr_6pf.tdf                  ; yes             ; Auto-Generated Megafunction  ; F:/Unum/unumIII_32_3_adder_pipline2/Unum_32bit_3_adder/db/cntr_6pf.tdf        ;         ;
; db/cmpr_ogc.tdf                  ; yes             ; Auto-Generated Megafunction  ; F:/Unum/unumIII_32_3_adder_pipline2/Unum_32bit_3_adder/db/cmpr_ogc.tdf        ;         ;
+----------------------------------+-----------------+------------------------------+-------------------------------------------------------------------------------+---------+


+---------------------------------------------------------+
; Analysis & Synthesis Resource Usage Summary             ;
+---------------------------------------------+-----------+
; Resource                                    ; Usage     ;
+---------------------------------------------+-----------+
; Estimated Total logic elements              ; 1,339     ;
;                                             ;           ;
; Total combinational functions               ; 1276      ;
; Logic element usage by number of LUT inputs ;           ;
;     -- 4 input functions                    ; 487       ;
;     -- 3 input functions                    ; 682       ;
;     -- <=2 input functions                  ; 107       ;
;                                             ;           ;
; Logic elements by mode                      ;           ;
;     -- normal mode                          ; 1047      ;
;     -- arithmetic mode                      ; 229       ;
;                                             ;           ;
; Total registers                             ; 408       ;
;     -- Dedicated logic registers            ; 408       ;
;     -- I/O registers                        ; 0         ;
;                                             ;           ;
; I/O pins                                    ; 97        ;
; Total memory bits                           ; 39        ;
;                                             ;           ;
; Embedded Multiplier 9-bit elements          ; 0         ;
;                                             ;           ;
; Maximum fan-out node                        ; clk~input ;
; Maximum fan-out                             ; 421       ;
; Total fan-out                               ; 5440      ;
; Average fan-out                             ; 2.88      ;
+---------------------------------------------+-----------+


+------------------------------------------------------------------------------------------------------------------------------------------------------------------------------------------------------------------------------------------------------------------------------------------------------------+
; Analysis & Synthesis Resource Utilization by Entity                                                                                                                                                                                                                                                        ;
+----------------------------------------+---------------------+---------------------------+-------------+--------------+---------+-----------+------+--------------+-------------------------------------------------------------------------------------------------------+-----------------+--------------+
; Compilation Hierarchy Node             ; Combinational ALUTs ; Dedicated Logic Registers ; Memory Bits ; DSP Elements ; DSP 9x9 ; DSP 18x18 ; Pins ; Virtual Pins ; Full Hierarchy Name                                                                                   ; Entity Name     ; Library Name ;
+----------------------------------------+---------------------+---------------------------+-------------+--------------+---------+-----------+------+--------------+-------------------------------------------------------------------------------------------------------+-----------------+--------------+
; |unum_adder                            ; 1276 (1158)         ; 408 (404)                 ; 39          ; 0            ; 0       ; 0         ; 97   ; 0            ; |unum_adder                                                                                           ; unum_adder      ; work         ;
;    |LZC:lzc1|                          ; 38 (10)             ; 0 (0)                     ; 0           ; 0            ; 0       ; 0         ; 0    ; 0            ; |unum_adder|LZC:lzc1                                                                                  ; LZC             ; work         ;
;       |BNE:BNE1|                       ; 12 (12)             ; 0 (0)                     ; 0           ; 0            ; 0       ; 0         ; 0    ; 0            ; |unum_adder|LZC:lzc1|BNE:BNE1                                                                         ; BNE             ; work         ;
;       |NLC:NLC0|                       ; 2 (2)               ; 0 (0)                     ; 0           ; 0            ; 0       ; 0         ; 0    ; 0            ; |unum_adder|LZC:lzc1|NLC:NLC0                                                                         ; NLC             ; work         ;
;       |NLC:NLC1|                       ; 2 (2)               ; 0 (0)                     ; 0           ; 0            ; 0       ; 0         ; 0    ; 0            ; |unum_adder|LZC:lzc1|NLC:NLC1                                                                         ; NLC             ; work         ;
;       |NLC:NLC2|                       ; 2 (2)               ; 0 (0)                     ; 0           ; 0            ; 0       ; 0         ; 0    ; 0            ; |unum_adder|LZC:lzc1|NLC:NLC2                                                                         ; NLC             ; work         ;
;       |NLC:NLC3|                       ; 2 (2)               ; 0 (0)                     ; 0           ; 0            ; 0       ; 0         ; 0    ; 0            ; |unum_adder|LZC:lzc1|NLC:NLC3                                                                         ; NLC             ; work         ;
;       |NLC:NLC4|                       ; 3 (3)               ; 0 (0)                     ; 0           ; 0            ; 0       ; 0         ; 0    ; 0            ; |unum_adder|LZC:lzc1|NLC:NLC4                                                                         ; NLC             ; work         ;
;       |NLC:NLC5|                       ; 2 (2)               ; 0 (0)                     ; 0           ; 0            ; 0       ; 0         ; 0    ; 0            ; |unum_adder|LZC:lzc1|NLC:NLC5                                                                         ; NLC             ; work         ;
;       |NLC:NLC6|                       ; 1 (1)               ; 0 (0)                     ; 0           ; 0            ; 0       ; 0         ; 0    ; 0            ; |unum_adder|LZC:lzc1|NLC:NLC6                                                                         ; NLC             ; work         ;
;       |NLC:NLC7|                       ; 2 (2)               ; 0 (0)                     ; 0           ; 0            ; 0       ; 0         ; 0    ; 0            ; |unum_adder|LZC:lzc1|NLC:NLC7                                                                         ; NLC             ; work         ;
;    |LZC:lzc2|                          ; 38 (10)             ; 0 (0)                     ; 0           ; 0            ; 0       ; 0         ; 0    ; 0            ; |unum_adder|LZC:lzc2                                                                                  ; LZC             ; work         ;
;       |BNE:BNE1|                       ; 12 (12)             ; 0 (0)                     ; 0           ; 0            ; 0       ; 0         ; 0    ; 0            ; |unum_adder|LZC:lzc2|BNE:BNE1                                                                         ; BNE             ; work         ;
;       |NLC:NLC0|                       ; 2 (2)               ; 0 (0)                     ; 0           ; 0            ; 0       ; 0         ; 0    ; 0            ; |unum_adder|LZC:lzc2|NLC:NLC0                                                                         ; NLC             ; work         ;
;       |NLC:NLC1|                       ; 2 (2)               ; 0 (0)                     ; 0           ; 0            ; 0       ; 0         ; 0    ; 0            ; |unum_adder|LZC:lzc2|NLC:NLC1                                                                         ; NLC             ; work         ;
;       |NLC:NLC2|                       ; 2 (2)               ; 0 (0)                     ; 0           ; 0            ; 0       ; 0         ; 0    ; 0            ; |unum_adder|LZC:lzc2|NLC:NLC2                                                                         ; NLC             ; work         ;
;       |NLC:NLC3|                       ; 2 (2)               ; 0 (0)                     ; 0           ; 0            ; 0       ; 0         ; 0    ; 0            ; |unum_adder|LZC:lzc2|NLC:NLC3                                                                         ; NLC             ; work         ;
;       |NLC:NLC4|                       ; 3 (3)               ; 0 (0)                     ; 0           ; 0            ; 0       ; 0         ; 0    ; 0            ; |unum_adder|LZC:lzc2|NLC:NLC4                                                                         ; NLC             ; work         ;
;       |NLC:NLC5|                       ; 2 (2)               ; 0 (0)                     ; 0           ; 0            ; 0       ; 0         ; 0    ; 0            ; |unum_adder|LZC:lzc2|NLC:NLC5                                                                         ; NLC             ; work         ;
;       |NLC:NLC6|                       ; 1 (1)               ; 0 (0)                     ; 0           ; 0            ; 0       ; 0         ; 0    ; 0            ; |unum_adder|LZC:lzc2|NLC:NLC6                                                                         ; NLC             ; work         ;
;       |NLC:NLC7|                       ; 2 (2)               ; 0 (0)                     ; 0           ; 0            ; 0       ; 0         ; 0    ; 0            ; |unum_adder|LZC:lzc2|NLC:NLC7                                                                         ; NLC             ; work         ;
;    |LZC_fraction:lzc_fraction|         ; 35 (15)             ; 0 (0)                     ; 0           ; 0            ; 0       ; 0         ; 0    ; 0            ; |unum_adder|LZC_fraction:lzc_fraction                                                                 ; LZC_fraction    ; work         ;
;       |BNE:BNE1|                       ; 12 (12)             ; 0 (0)                     ; 0           ; 0            ; 0       ; 0         ; 0    ; 0            ; |unum_adder|LZC_fraction:lzc_fraction|BNE:BNE1                                                        ; BNE             ; work         ;
;       |NLC:NLC0|                       ; 1 (1)               ; 0 (0)                     ; 0           ; 0            ; 0       ; 0         ; 0    ; 0            ; |unum_adder|LZC_fraction:lzc_fraction|NLC:NLC0                                                        ; NLC             ; work         ;
;       |NLC:NLC1|                       ; 1 (1)               ; 0 (0)                     ; 0           ; 0            ; 0       ; 0         ; 0    ; 0            ; |unum_adder|LZC_fraction:lzc_fraction|NLC:NLC1                                                        ; NLC             ; work         ;
;       |NLC:NLC2|                       ; 1 (1)               ; 0 (0)                     ; 0           ; 0            ; 0       ; 0         ; 0    ; 0            ; |unum_adder|LZC_fraction:lzc_fraction|NLC:NLC2                                                        ; NLC             ; work         ;
;       |NLC:NLC3|                       ; 1 (1)               ; 0 (0)                     ; 0           ; 0            ; 0       ; 0         ; 0    ; 0            ; |unum_adder|LZC_fraction:lzc_fraction|NLC:NLC3                                                        ; NLC             ; work         ;
;       |NLC:NLC4|                       ; 2 (2)               ; 0 (0)                     ; 0           ; 0            ; 0       ; 0         ; 0    ; 0            ; |unum_adder|LZC_fraction:lzc_fraction|NLC:NLC4                                                        ; NLC             ; work         ;
;       |NLC:NLC5|                       ; 1 (1)               ; 0 (0)                     ; 0           ; 0            ; 0       ; 0         ; 0    ; 0            ; |unum_adder|LZC_fraction:lzc_fraction|NLC:NLC5                                                        ; NLC             ; work         ;
;       |NLC:NLC6|                       ; 1 (1)               ; 0 (0)                     ; 0           ; 0            ; 0       ; 0         ; 0    ; 0            ; |unum_adder|LZC_fraction:lzc_fraction|NLC:NLC6                                                        ; NLC             ; work         ;
;    |altshift_taps:expo_numo_3_rtl_0|   ; 7 (0)               ; 4 (0)                     ; 39          ; 0            ; 0       ; 0         ; 0    ; 0            ; |unum_adder|altshift_taps:expo_numo_3_rtl_0                                                           ; altshift_taps   ; work         ;
;       |shift_taps_96m:auto_generated|  ; 7 (2)               ; 4 (2)                     ; 39          ; 0            ; 0       ; 0         ; 0    ; 0            ; |unum_adder|altshift_taps:expo_numo_3_rtl_0|shift_taps_96m:auto_generated                             ; shift_taps_96m  ; work         ;
;          |altsyncram_tk31:altsyncram4| ; 0 (0)               ; 0 (0)                     ; 39          ; 0            ; 0       ; 0         ; 0    ; 0            ; |unum_adder|altshift_taps:expo_numo_3_rtl_0|shift_taps_96m:auto_generated|altsyncram_tk31:altsyncram4 ; altsyncram_tk31 ; work         ;
;          |cntr_6pf:cntr1|              ; 5 (5)               ; 2 (2)                     ; 0           ; 0            ; 0       ; 0         ; 0    ; 0            ; |unum_adder|altshift_taps:expo_numo_3_rtl_0|shift_taps_96m:auto_generated|cntr_6pf:cntr1              ; cntr_6pf        ; work         ;
+----------------------------------------+---------------------+---------------------------+-------------+--------------+---------+-----------+------+--------------+-------------------------------------------------------------------------------------------------------+-----------------+--------------+
Note: For table entries with two numbers listed, the numbers in parentheses indicate the number of resources of the given type used by the specific entity alone. The numbers listed outside of parentheses indicate the total resources of the given type used by the specific entity and all of its sub-entities in the hierarchy.


+----------------------------------------------------------------------------------------------------------------------------------------------------------------------------------------------------------+
; Analysis & Synthesis RAM Summary                                                                                                                                                                         ;
+------------------------------------------------------------------------------------------------------+------+------------------+--------------+--------------+--------------+--------------+------+------+
; Name                                                                                                 ; Type ; Mode             ; Port A Depth ; Port A Width ; Port B Depth ; Port B Width ; Size ; MIF  ;
+------------------------------------------------------------------------------------------------------+------+------------------+--------------+--------------+--------------+--------------+------+------+
; altshift_taps:expo_numo_3_rtl_0|shift_taps_96m:auto_generated|altsyncram_tk31:altsyncram4|ALTSYNCRAM ; AUTO ; Simple Dual Port ; 3            ; 13           ; 3            ; 13           ; 39   ; None ;
+------------------------------------------------------------------------------------------------------+------+------------------+--------------+--------------+--------------+--------------+------+------+


+------------------------------------------------------+
; General Register Statistics                          ;
+----------------------------------------------+-------+
; Statistic                                    ; Value ;
+----------------------------------------------+-------+
; Total registers                              ; 408   ;
; Number of registers using Synchronous Clear  ; 53    ;
; Number of registers using Synchronous Load   ; 85    ;
; Number of registers using Asynchronous Clear ; 0     ;
; Number of registers using Asynchronous Load  ; 0     ;
; Number of registers using Clock Enable       ; 0     ;
; Number of registers using Preset             ; 0     ;
+----------------------------------------------+-------+


+-----------------------------------------------------+
; Registers Packed Into Inferred Megafunctions        ;
+--------------------+-------------------+------------+
; Register Name      ; Megafunction      ; Type       ;
+--------------------+-------------------+------------+
; expo_numo_5[0..8]  ; expo_numo_3_rtl_0 ; SHIFT_TAPS ;
; expo_numo_4[0..8]  ; expo_numo_3_rtl_0 ; SHIFT_TAPS ;
; expo_numo_3[0..8]  ; expo_numo_3_rtl_0 ; SHIFT_TAPS ;
; frac_num1_4[55]    ; expo_numo_3_rtl_0 ; SHIFT_TAPS ;
; frac_num1_3[53,55] ; expo_numo_3_rtl_0 ; SHIFT_TAPS ;
; temp1_2[31]        ; expo_numo_3_rtl_0 ; SHIFT_TAPS ;
; frac_num2_4[55]    ; expo_numo_3_rtl_0 ; SHIFT_TAPS ;
; frac_num2_3[53,55] ; expo_numo_3_rtl_0 ; SHIFT_TAPS ;
; temp2_2[31]        ; expo_numo_3_rtl_0 ; SHIFT_TAPS ;
; isZero_2[0,1]      ; expo_numo_3_rtl_0 ; SHIFT_TAPS ;
; isZero_1[0,1]      ; expo_numo_3_rtl_0 ; SHIFT_TAPS ;
+--------------------+-------------------+------------+


+-------------------------------------------------------------------------------------------------------------------------------------------+
; Multiplexer Restructuring Statistics (Restructuring Performed)                                                                            ;
+--------------------+-----------+---------------+----------------------+------------------------+------------+-----------------------------+
; Multiplexer Inputs ; Bus Width ; Baseline Area ; Area if Restructured ; Saving if Restructured ; Registered ; Example Multiplexer Output  ;
+--------------------+-----------+---------------+----------------------+------------------------+------------+-----------------------------+
; 3:1                ; 8 bits    ; 16 LEs        ; 16 LEs               ; 0 LEs                  ; Yes        ; |unum_adder|runum_o_7[14]   ;
; 3:1                ; 4 bits    ; 8 LEs         ; 8 LEs                ; 0 LEs                  ; Yes        ; |unum_adder|frac_numo_6[40] ;
; 3:1                ; 3 bits    ; 6 LEs         ; 6 LEs                ; 0 LEs                  ; Yes        ; |unum_adder|frac_numo_6[42] ;
; 3:1                ; 29 bits   ; 58 LEs        ; 58 LEs               ; 0 LEs                  ; Yes        ; |unum_adder|frac_numo_5[49] ;
; 3:1                ; 3 bits    ; 6 LEs         ; 6 LEs                ; 0 LEs                  ; Yes        ; |unum_adder|temp1_2[14]     ;
; 3:1                ; 5 bits    ; 10 LEs        ; 10 LEs               ; 0 LEs                  ; Yes        ; |unum_adder|temp1_2[16]     ;
; 3:1                ; 3 bits    ; 6 LEs         ; 6 LEs                ; 0 LEs                  ; Yes        ; |unum_adder|temp2_2[14]     ;
; 3:1                ; 5 bits    ; 10 LEs        ; 10 LEs               ; 0 LEs                  ; Yes        ; |unum_adder|temp2_2[17]     ;
; 4:1                ; 4 bits    ; 8 LEs         ; 8 LEs                ; 0 LEs                  ; Yes        ; |unum_adder|runum_o_7[6]    ;
; 4:1                ; 4 bits    ; 8 LEs         ; 8 LEs                ; 0 LEs                  ; Yes        ; |unum_adder|frac_numo_6[45] ;
; 4:1                ; 4 bits    ; 8 LEs         ; 8 LEs                ; 0 LEs                  ; Yes        ; |unum_adder|temp1_2[23]     ;
; 4:1                ; 4 bits    ; 8 LEs         ; 8 LEs                ; 0 LEs                  ; Yes        ; |unum_adder|temp2_2[23]     ;
; 8:1                ; 2 bits    ; 10 LEs        ; 10 LEs               ; 0 LEs                  ; Yes        ; |unum_adder|unum1_shift[1]  ;
; 8:1                ; 2 bits    ; 10 LEs        ; 10 LEs               ; 0 LEs                  ; Yes        ; |unum_adder|unum2_shift[0]  ;
; 5:1                ; 2 bits    ; 6 LEs         ; 6 LEs                ; 0 LEs                  ; Yes        ; |unum_adder|runum_o_7[2]    ;
; 5:1                ; 2 bits    ; 6 LEs         ; 6 LEs                ; 0 LEs                  ; Yes        ; |unum_adder|frac_numo_6[50] ;
; 5:1                ; 12 bits   ; 36 LEs        ; 24 LEs               ; 12 LEs                 ; Yes        ; |unum_adder|frac_num1_4[53] ;
; 5:1                ; 12 bits   ; 36 LEs        ; 24 LEs               ; 12 LEs                 ; Yes        ; |unum_adder|frac_num2_4[48] ;
; 5:1                ; 2 bits    ; 6 LEs         ; 6 LEs                ; 0 LEs                  ; Yes        ; |unum_adder|temp1_2[25]     ;
; 5:1                ; 2 bits    ; 6 LEs         ; 6 LEs                ; 0 LEs                  ; Yes        ; |unum_adder|temp2_2[26]     ;
; 6:1                ; 2 bits    ; 8 LEs         ; 8 LEs                ; 0 LEs                  ; Yes        ; |unum_adder|runum_o_7[0]    ;
; 6:1                ; 2 bits    ; 8 LEs         ; 8 LEs                ; 0 LEs                  ; Yes        ; |unum_adder|frac_numo_6[52] ;
; 6:1                ; 4 bits    ; 16 LEs        ; 8 LEs                ; 8 LEs                  ; Yes        ; |unum_adder|frac_num1_4[41] ;
; 6:1                ; 4 bits    ; 16 LEs        ; 8 LEs                ; 8 LEs                  ; Yes        ; |unum_adder|frac_num2_4[40] ;
; 6:1                ; 4 bits    ; 16 LEs        ; 12 LEs               ; 4 LEs                  ; Yes        ; |unum_adder|frac_num1_4[37] ;
; 6:1                ; 4 bits    ; 16 LEs        ; 12 LEs               ; 4 LEs                  ; Yes        ; |unum_adder|frac_num2_4[34] ;
; 6:1                ; 2 bits    ; 8 LEs         ; 8 LEs                ; 0 LEs                  ; Yes        ; |unum_adder|temp1_2[28]     ;
; 6:1                ; 2 bits    ; 8 LEs         ; 8 LEs                ; 0 LEs                  ; Yes        ; |unum_adder|temp2_2[27]     ;
; 7:1                ; 4 bits    ; 16 LEs        ; 16 LEs               ; 0 LEs                  ; Yes        ; |unum_adder|frac_num1_4[31] ;
; 7:1                ; 4 bits    ; 16 LEs        ; 16 LEs               ; 0 LEs                  ; Yes        ; |unum_adder|frac_num2_4[30] ;
; 8:1                ; 2 bits    ; 10 LEs        ; 8 LEs                ; 2 LEs                  ; Yes        ; |unum_adder|frac_num1_4[29] ;
; 8:1                ; 2 bits    ; 10 LEs        ; 8 LEs                ; 2 LEs                  ; Yes        ; |unum_adder|frac_num2_4[29] ;
+--------------------+-----------+---------------+----------------------+------------------------+------------+-----------------------------+


+------------------------------------------------------------------------------------------------------------------+
; Source assignments for altshift_taps:expo_numo_3_rtl_0|shift_taps_96m:auto_generated|altsyncram_tk31:altsyncram4 ;
+---------------------------------+--------------------+------+----------------------------------------------------+
; Assignment                      ; Value              ; From ; To                                                 ;
+---------------------------------+--------------------+------+----------------------------------------------------+
; OPTIMIZE_POWER_DURING_SYNTHESIS ; NORMAL_COMPILATION ; -    ; -                                                  ;
+---------------------------------+--------------------+------+----------------------------------------------------+


+----------------------------------------------------------------------------------+
; Parameter Settings for Inferred Entity Instance: altshift_taps:expo_numo_3_rtl_0 ;
+----------------+----------------+------------------------------------------------+
; Parameter Name ; Value          ; Type                                           ;
+----------------+----------------+------------------------------------------------+
; WIDTH_BYTEENA  ; 1              ; Untyped                                        ;
; NUMBER_OF_TAPS ; 1              ; Untyped                                        ;
; TAP_DISTANCE   ; 3              ; Untyped                                        ;
; WIDTH          ; 13             ; Untyped                                        ;
; POWER_UP_STATE ; CLEARED        ; Untyped                                        ;
; CBXI_PARAMETER ; shift_taps_96m ; Untyped                                        ;
+----------------+----------------+------------------------------------------------+
Note: In order to hide this table in the UI and the text report file, please set the "Show Parameter Settings in Synthesis Report" option in "Analysis and Synthesis Settings -> More Settings" to "Off".


+--------------------------------------------------------------+
; altshift_taps Parameter Settings by Entity Instance          ;
+----------------------------+---------------------------------+
; Name                       ; Value                           ;
+----------------------------+---------------------------------+
; Number of entity instances ; 1                               ;
; Entity Instance            ; altshift_taps:expo_numo_3_rtl_0 ;
;     -- NUMBER_OF_TAPS      ; 1                               ;
;     -- TAP_DISTANCE        ; 3                               ;
;     -- WIDTH               ; 13                              ;
+----------------------------+---------------------------------+


+-------------------------------------------------------+
; Port Connectivity Checks: "LZC_fraction:lzc_fraction" ;
+---------+-------+----------+--------------------------+
; Port    ; Type  ; Severity ; Details                  ;
+---------+-------+----------+--------------------------+
; x[1..0] ; Input ; Info     ; Stuck at GND             ;
; x[2]    ; Input ; Info     ; Stuck at VCC             ;
+---------+-------+----------+--------------------------+


+--------------------------------------------------------------------------------------------------------------------------------------------------------------------------------------------------------------+
; Port Connectivity Checks: "LZC:lzc2"                                                                                                                                                                         ;
+------+-------+----------+------------------------------------------------------------------------------------------------------------------------------------------------------------------------------------+
; Port ; Type  ; Severity ; Details                                                                                                                                                                            ;
+------+-------+----------+------------------------------------------------------------------------------------------------------------------------------------------------------------------------------------+
; x1   ; Input ; Warning  ; Input port expression (32 bits) is wider than the input port (31 bits) it drives.  The 1 most-significant bit(s) in the expression will be dangling if they have no other fanouts. ;
+------+-------+----------+------------------------------------------------------------------------------------------------------------------------------------------------------------------------------------+


+-----------------------------------------------+
; Port Connectivity Checks: "LZC:lzc1|NLC:NLC7" ;
+------+-------+----------+---------------------+
; Port ; Type  ; Severity ; Details             ;
+------+-------+----------+---------------------+
; x[1] ; Input ; Info     ; Stuck at VCC        ;
; x[0] ; Input ; Info     ; Stuck at GND        ;
+------+-------+----------+---------------------+


+--------------------------------------------------------------------------------------------------------------------------------------------------------------------------------------------------------------+
; Port Connectivity Checks: "LZC:lzc1"                                                                                                                                                                         ;
+------+-------+----------+------------------------------------------------------------------------------------------------------------------------------------------------------------------------------------+
; Port ; Type  ; Severity ; Details                                                                                                                                                                            ;
+------+-------+----------+------------------------------------------------------------------------------------------------------------------------------------------------------------------------------------+
; x1   ; Input ; Warning  ; Input port expression (32 bits) is wider than the input port (31 bits) it drives.  The 1 most-significant bit(s) in the expression will be dangling if they have no other fanouts. ;
+------+-------+----------+------------------------------------------------------------------------------------------------------------------------------------------------------------------------------------+


+-----------------------------------------------------+
; Post-Synthesis Netlist Statistics for Top Partition ;
+-----------------------+-----------------------------+
; Type                  ; Count                       ;
+-----------------------+-----------------------------+
; boundary_port         ; 97                          ;
; cycloneiii_ff         ; 408                         ;
;     SCLR              ; 41                          ;
;     SCLR SLD          ; 12                          ;
;     SLD               ; 73                          ;
;     plain             ; 282                         ;
; cycloneiii_lcell_comb ; 1276                        ;
;     arith             ; 229                         ;
;         2 data inputs ; 12                          ;
;         3 data inputs ; 217                         ;
;     normal            ; 1047                        ;
;         0 data inputs ; 4                           ;
;         1 data inputs ; 6                           ;
;         2 data inputs ; 85                          ;
;         3 data inputs ; 465                         ;
;         4 data inputs ; 487                         ;
; cycloneiii_ram_block  ; 13                          ;
;                       ;                             ;
; Max LUT depth         ; 12.00                       ;
; Average LUT depth     ; 5.54                        ;
+-----------------------+-----------------------------+


+-------------------------------+
; Elapsed Time Per Partition    ;
+----------------+--------------+
; Partition Name ; Elapsed Time ;
+----------------+--------------+
; Top            ; 00:00:03     ;
+----------------+--------------+


+-------------------------------+
; Analysis & Synthesis Messages ;
+-------------------------------+
Info: *******************************************************************
Info: Running Quartus Prime Analysis & Synthesis
    Info: Version 17.0.0 Build 595 04/25/2017 SJ Lite Edition
    Info: Processing started: Mon Nov 13 01:17:19 2017
Info: Command: quartus_map --read_settings_files=on --write_settings_files=off unum_adder -c unum_adder
Warning (18236): Number of processors has not been specified which may cause overloading on shared machines.  Set the global assignment NUM_PARALLEL_PROCESSORS in your QSF to an appropriate value for best performance.
Info (20030): Parallel compilation is enabled and will use 4 of the 4 processors detected
Info (12021): Found 5 design units, including 5 entities, in source file unum_adder.v
    Info (12023): Found entity 1: unum_adder File: F:/Unum/unumIII_32_3_adder_pipline2/Unum_32bit_3_adder/unum_adder.v Line: 8
    Info (12023): Found entity 2: LZC File: F:/Unum/unumIII_32_3_adder_pipline2/Unum_32bit_3_adder/unum_adder.v Line: 189
    Info (12023): Found entity 3: LZC_fraction File: F:/Unum/unumIII_32_3_adder_pipline2/Unum_32bit_3_adder/unum_adder.v Line: 229
    Info (12023): Found entity 4: BNE File: F:/Unum/unumIII_32_3_adder_pipline2/Unum_32bit_3_adder/unum_adder.v Line: 266
    Info (12023): Found entity 5: NLC File: F:/Unum/unumIII_32_3_adder_pipline2/Unum_32bit_3_adder/unum_adder.v Line: 277
Info (12127): Elaborating entity "unum_adder" for the top level hierarchy
Warning (10230): Verilog HDL assignment warning at unum_adder.v(179): truncated value with size 32 to match size of target (31) File: F:/Unum/unumIII_32_3_adder_pipline2/Unum_32bit_3_adder/unum_adder.v Line: 179
Warning (10230): Verilog HDL assignment warning at unum_adder.v(180): truncated value with size 32 to match size of target (31) File: F:/Unum/unumIII_32_3_adder_pipline2/Unum_32bit_3_adder/unum_adder.v Line: 180
Info (12128): Elaborating entity "LZC" for hierarchy "LZC:lzc1" File: F:/Unum/unumIII_32_3_adder_pipline2/Unum_32bit_3_adder/unum_adder.v Line: 49
Info (12128): Elaborating entity "BNE" for hierarchy "LZC:lzc1|BNE:BNE1" File: F:/Unum/unumIII_32_3_adder_pipline2/Unum_32bit_3_adder/unum_adder.v Line: 217
Info (12128): Elaborating entity "NLC" for hierarchy "LZC:lzc1|NLC:NLC7" File: F:/Unum/unumIII_32_3_adder_pipline2/Unum_32bit_3_adder/unum_adder.v Line: 218
Info (12128): Elaborating entity "LZC_fraction" for hierarchy "LZC_fraction:lzc_fraction" File: F:/Unum/unumIII_32_3_adder_pipline2/Unum_32bit_3_adder/unum_adder.v Line: 157
Info (19000): Inferred 1 megafunctions from design logic
    Info (276034): Inferred altshift_taps megafunction from the following design logic: "expo_numo_3_rtl_0"
        Info (286033): Parameter NUMBER_OF_TAPS set to 1
        Info (286033): Parameter TAP_DISTANCE set to 3
        Info (286033): Parameter WIDTH set to 13
Info (12130): Elaborated megafunction instantiation "altshift_taps:expo_numo_3_rtl_0"
Info (12133): Instantiated megafunction "altshift_taps:expo_numo_3_rtl_0" with the following parameter:
    Info (12134): Parameter "NUMBER_OF_TAPS" = "1"
    Info (12134): Parameter "TAP_DISTANCE" = "3"
    Info (12134): Parameter "WIDTH" = "13"
Info (12021): Found 1 design units, including 1 entities, in source file db/shift_taps_96m.tdf
    Info (12023): Found entity 1: shift_taps_96m File: F:/Unum/unumIII_32_3_adder_pipline2/Unum_32bit_3_adder/db/shift_taps_96m.tdf Line: 29
Info (12021): Found 1 design units, including 1 entities, in source file db/altsyncram_tk31.tdf
    Info (12023): Found entity 1: altsyncram_tk31 File: F:/Unum/unumIII_32_3_adder_pipline2/Unum_32bit_3_adder/db/altsyncram_tk31.tdf Line: 28
Info (12021): Found 1 design units, including 1 entities, in source file db/add_sub_24e.tdf
    Info (12023): Found entity 1: add_sub_24e File: F:/Unum/unumIII_32_3_adder_pipline2/Unum_32bit_3_adder/db/add_sub_24e.tdf Line: 23
Info (12021): Found 1 design units, including 1 entities, in source file db/cntr_6pf.tdf
    Info (12023): Found entity 1: cntr_6pf File: F:/Unum/unumIII_32_3_adder_pipline2/Unum_32bit_3_adder/db/cntr_6pf.tdf Line: 25
Info (12021): Found 1 design units, including 1 entities, in source file db/cmpr_ogc.tdf
    Info (12023): Found entity 1: cmpr_ogc File: F:/Unum/unumIII_32_3_adder_pipline2/Unum_32bit_3_adder/db/cmpr_ogc.tdf Line: 23
Warning (12241): 2 hierarchies have connectivity warnings - see the Connectivity Checks report folder
Info (286030): Timing-Driven Synthesis is running
Info (16010): Generating hard_block partition "hard_block:auto_generated_inst"
    Info (16011): Adding 0 node(s), including 0 DDIO, 0 PLL, 0 transceiver and 0 LCELL
Info (21057): Implemented 1542 device resources after synthesis - the final resource count might be different
    Info (21058): Implemented 65 input pins
    Info (21059): Implemented 32 output pins
    Info (21061): Implemented 1432 logic cells
    Info (21064): Implemented 13 RAM segments
Info: Quartus Prime Analysis & Synthesis was successful. 0 errors, 4 warnings
    Info: Peak virtual memory: 679 megabytes
    Info: Processing ended: Mon Nov 13 01:17:36 2017
    Info: Elapsed time: 00:00:17
    Info: Total CPU time (on all processors): 00:00:31


